#
# There is insufficient memory for the Java Runtime Environment to continue.
# Native memory allocation (mmap) failed to map 266338304 bytes for Failed to commit area from 0x0000000702400000 to 0x0000000712200000 of length 266338304.
# Possible reasons:
#   The system is out of physical RAM or swap space
#   The process is running with CompressedOops enabled, and the Java Heap may be blocking the growth of the native heap
# Possible solutions:
#   Reduce memory load on the system
#   Increase physical memory or swap space
#   Check if swap backing store is full
#   Decrease Java heap size (-Xmx/-Xms)
#   Decrease number of Java threads
#   Decrease Java thread stack sizes (-Xss)
#   Set larger code cache with -XX:ReservedCodeCacheSize=
# This output file may be truncated or incomplete.
#
#  Out of Memory Error (c:/BuildAgent/work/1eae4dac1d648407/src/hotspot/os/windows/os_windows.cpp:3296), pid=21752, tid=5904
#
# JRE version:  (11.0.6+8) (build )
# Java VM: OpenJDK 64-Bit Server VM (11.0.6+8-b765.40, mixed mode, sharing, tiered, compressed oops, g1 gc, windows-amd64)
# No core dump will be written. Minidumps are not enabled by default on client versions of Windows
#

---------------  S U M M A R Y ------------

Command Line: org.jetbrains.git4idea.http.GitAskPassApp Username for 'https://github.com': 

Host: Intel(R) Pentium(R) CPU G4560 @ 3.50GHz, 4 cores, 15G,  Windows 10 , 64 bit Build 18362 (10.0.18362.778)
Time: Mon May  4 21:32:23 2020 ?D1¨²¡À¨º¡Á?¨º¡À?? elapsed time: 0 seconds (0d 0h 0m 0s)

---------------  T H R E A D  ---------------

Current thread (0x0000025593faf800):  JavaThread "Unknown thread" [_thread_in_vm, id=5904, stack(0x000000e0d7700000,0x000000e0d7800000)]

Stack: [0x000000e0d7700000,0x000000e0d7800000]
Native frames: (J=compiled Java code, j=interpreted, Vv=VM code, C=native code)
V  [jvm.dll+0x5ddf9a]
V  [jvm.dll+0x710ae5]
V  [jvm.dll+0x712005]
V  [jvm.dll+0x7126b3]
V  [jvm.dll+0x23e718]
V  [jvm.dll+0x5db444]
V  [jvm.dll+0x5d0675]
V  [jvm.dll+0x2faf1b]
V  [jvm.dll+0x2fae8a]
V  [jvm.dll+0x2fad62]
V  [jvm.dll+0x2ffc36]
V  [jvm.dll+0x3484e3]
V  [jvm.dll+0x348be6]
V  [jvm.dll+0x3485e3]
V  [jvm.dll+0x2d5938]
V  [jvm.dll+0x2d6ad7]
V  [jvm.dll+0x6ef8a7]
V  [jvm.dll+0x6f109c]
V  [jvm.dll+0x355b29]
V  [jvm.dll+0x6d4a7e]
V  [jvm.dll+0x3bf053]
V  [jvm.dll+0x3c15d1]
C  [jli.dll+0x5363]
C  [ucrtbase.dll+0x20e72]
C  [KERNEL32.DLL+0x17bd4]
C  [ntdll.dll+0x6ce51]


---------------  P R O C E S S  ---------------

Threads class SMR info:
_java_thread_list=0x0000025591df6980, length=0, elements={
}

Java Threads: ( => current thread )

Other Threads:
  0x0000025593fc8000 GCTaskThread "GC Thread#0" [stack: 0x000000e0d7800000,0x000000e0d7900000] [id=19908]
  0x0000025594029000 ConcurrentGCThread "G1 Main Marker" [stack: 0x000000e0d7900000,0x000000e0d7a00000] [id=25036]
  0x000002559402a800 ConcurrentGCThread "G1 Conc#0" [stack: 0x000000e0d7a00000,0x000000e0d7b00000] [id=25196]

[error occurred during error reporting (printing all threads), id 0xc0000005, EXCEPTION_ACCESS_VIOLATION (0xc0000005) at pc=0x00007ffd85686047]

VM state:not at safepoint (not fully initialized)

VM Mutex/Monitor currently owned by a thread:  ([mutex/lock_event])
[0x0000025593fac760] Heap_lock - owner thread: 0x0000025593faf800

Heap address: 0x0000000702400000, size: 4060 MB, Compressed Oops mode: Non-zero based: 0x0000000702400000
Narrow klass base: 0x0000000000000000, Narrow klass shift: 0

GC Heap History (0 events):
No events

Deoptimization events (0 events):
No events

Classes redefined (0 events):
No events

Internal exceptions (0 events):
No events

Events (2 events):
Event: 0.018 Loaded shared library C:\Program Files\jetbrains\IntelliJ IDEA 2019.2.4.1\jbr\bin\zip.dll
Event: 0.019 Loaded shared library C:\Program Files\jetbrains\IntelliJ IDEA 2019.2.4.1\jbr\bin\jimage.dll


Dynamic libraries:
0x00007ff6869a0000 - 0x00007ff6869aa000 	C:\Program Files\jetbrains\IntelliJ IDEA 2019.2.4.1\jbr\bin\java.exe
0x00007ffde9f40000 - 0x00007ffdea130000 	C:\Windows\SYSTEM32\ntdll.dll
0x00007ffde8220000 - 0x00007ffde82d2000 	C:\Windows\System32\KERNEL32.DLL
0x00007ffde7870000 - 0x00007ffde7b13000 	C:\Windows\System32\KERNELBASE.dll
0x00007ffde7bb0000 - 0x00007ffde7caa000 	C:\Windows\System32\ucrtbase.dll
0x00007ffdce210000 - 0x00007ffdce227000 	C:\Program Files\jetbrains\IntelliJ IDEA 2019.2.4.1\jbr\bin\VCRUNTIME140.dll
0x00007ffdd74b0000 - 0x00007ffdd74c9000 	C:\Program Files\jetbrains\IntelliJ IDEA 2019.2.4.1\jbr\bin\jli.dll
0x00007ffde8390000 - 0x00007ffde8524000 	C:\Windows\System32\USER32.dll
0x00007ffde7b80000 - 0x00007ffde7ba1000 	C:\Windows\System32\win32u.dll
0x00007ffdd90a0000 - 0x00007ffdd9325000 	C:\Windows\WinSxS\amd64_microsoft.windows.common-controls_6595b64144ccf1df_6.0.18362.778_none_e6c6b761130d4fb8\COMCTL32.dll
0x00007ffde9500000 - 0x00007ffde9526000 	C:\Windows\System32\GDI32.dll
0x00007ffde99b0000 - 0x00007ffde9a4e000 	C:\Windows\System32\msvcrt.dll
0x00007ffde7ce0000 - 0x00007ffde7e74000 	C:\Windows\System32\gdi32full.dll
0x00007ffde8530000 - 0x00007ffde8866000 	C:\Windows\System32\combase.dll
0x00007ffde77d0000 - 0x00007ffde786e000 	C:\Windows\System32\msvcp_win.dll
0x00007ffde8ce0000 - 0x00007ffde8e00000 	C:\Windows\System32\RPCRT4.dll
0x00007ffde6f80000 - 0x00007ffde7000000 	C:\Windows\System32\bcryptPrimitives.dll
0x00007ffde9770000 - 0x00007ffde979e000 	C:\Windows\System32\IMM32.DLL
0x00007ffdb5630000 - 0x00007ffdb56cd000 	C:\Program Files\jetbrains\IntelliJ IDEA 2019.2.4.1\jbr\bin\msvcp140.dll
0x00007ffd853a0000 - 0x00007ffd85e5d000 	C:\Program Files\jetbrains\IntelliJ IDEA 2019.2.4.1\jbr\bin\server\jvm.dll
0x00007ffde9cc0000 - 0x00007ffde9d63000 	C:\Windows\System32\ADVAPI32.dll
0x00007ffde9a50000 - 0x00007ffde9ae7000 	C:\Windows\System32\sechost.dll
0x00007ffde95a0000 - 0x00007ffde95a8000 	C:\Windows\System32\PSAPI.DLL
0x00007ffddd410000 - 0x00007ffddd434000 	C:\Windows\SYSTEM32\WINMM.dll
0x00007ffde0a00000 - 0x00007ffde0a09000 	C:\Windows\SYSTEM32\WSOCK32.dll
0x00007ffde9af0000 - 0x00007ffde9b5f000 	C:\Windows\System32\WS2_32.dll
0x00007ffddd3e0000 - 0x00007ffddd40d000 	C:\Windows\SYSTEM32\WINMMBASE.dll
0x00007ffde7780000 - 0x00007ffde77ca000 	C:\Windows\System32\cfgmgr32.dll
0x00007ffde2d00000 - 0x00007ffde2d0a000 	C:\Windows\SYSTEM32\VERSION.dll
0x00007ffde6e60000 - 0x00007ffde6e71000 	C:\Windows\System32\kernel.appcore.dll
0x00007ffde3b50000 - 0x00007ffde3b61000 	C:\Program Files\jetbrains\IntelliJ IDEA 2019.2.4.1\jbr\bin\verify.dll
0x00007ffdde930000 - 0x00007ffddeb24000 	C:\Windows\SYSTEM32\DBGHELP.DLL
0x00007ffdd71c0000 - 0x00007ffdd71ea000 	C:\Windows\SYSTEM32\dbgcore.DLL
0x00007ffde3ab0000 - 0x00007ffde3ad9000 	C:\Program Files\jetbrains\IntelliJ IDEA 2019.2.4.1\jbr\bin\java.dll
0x00007ffde3b10000 - 0x00007ffde3b28000 	C:\Program Files\jetbrains\IntelliJ IDEA 2019.2.4.1\jbr\bin\zip.dll
0x00007ffde3b80000 - 0x00007ffde3b8b000 	C:\Program Files\jetbrains\IntelliJ IDEA 2019.2.4.1\jbr\bin\jimage.dll

dbghelp: loaded successfully - version: 4.0.5 - missing functions: none
symbol engine: initialized successfully - sym options: 0x614 - pdb path: .;C:\Program Files\jetbrains\IntelliJ IDEA 2019.2.4.1\jbr\bin;C:\Windows\SYSTEM32;C:\Windows\WinSxS\amd64_microsoft.windows.common-controls_6595b64144ccf1df_6.0.18362.778_none_e6c6b761130d4fb8;C:\Program Files\jetbrains\IntelliJ IDEA 2019.2.4.1\jbr\bin\server

VM Arguments:
java_command: org.jetbrains.git4idea.http.GitAskPassApp Username for 'https://github.com': 
java_class_path (initial): C:/Program Files/jetbrains/IntelliJ IDEA 2019.2.4.1/plugins/git4idea/lib/git4idea-rt.jar;C:/Program Files/jetbrains/IntelliJ IDEA 2019.2.4.1/lib/xmlrpc-2.0.1.jar;C:/Program Files/jetbrains/IntelliJ IDEA 2019.2.4.1/lib/commons-codec-1.14.jar;C:/Program Files/jetbrains/IntelliJ IDEA 2019.2.4.1/lib/util.jar
Launcher Type: SUN_STANDARD

[Global flags]
     intx CICompilerCount                          = 3                                         {product} {ergonomic}
     uint ConcGCThreads                            = 1                                         {product} {ergonomic}
     uint G1ConcRefinementThreads                  = 4                                         {product} {ergonomic}
   size_t G1HeapRegionSize                         = 1048576                                   {product} {ergonomic}
    uintx GCDrainStackTargetSize                   = 64                                        {product} {ergonomic}
   size_t InitialHeapSize                          = 266338304                                 {product} {ergonomic}
   size_t MarkStackSize                            = 4194304                                   {product} {ergonomic}
   size_t MaxHeapSize                              = 4257218560                                {product} {ergonomic}
   size_t MinHeapDeltaBytes                        = 1048576                                   {product} {ergonomic}
    uintx NonNMethodCodeHeapSize                   = 5830732                                {pd product} {ergonomic}
    uintx NonProfiledCodeHeapSize                  = 122913754                              {pd product} {ergonomic}
    uintx ProfiledCodeHeapSize                     = 122913754                              {pd product} {ergonomic}
    uintx ReservedCodeCacheSize                    = 251658240                              {pd product} {ergonomic}
     bool SegmentedCodeCache                       = true                                      {product} {ergonomic}
     bool UseCompressedClassPointers               = true                                 {lp64_product} {ergonomic}
     bool UseCompressedOops                        = true                                 {lp64_product} {ergonomic}
     bool UseG1GC                                  = true                                      {product} {ergonomic}
     bool UseLargePagesIndividualAllocation        = false                                  {pd product} {ergonomic}

Logging:
Log output configuration:
 #0: stdout all=warning uptime,level,tags
 #1: stderr all=off uptime,level,tags

Environment Variables:
PATH=C:/Program Files/Git/mingw64/libexec/git-core;C:/Program Files/Git/mingw64/libexec/git-core;C:\Program Files\Git\mingw64\bin;C:\Program Files\Git\usr\bin;C:\Users\13614\bin;C:\Python27\;C:\Python27\Scripts;C:\Program Files (x86)\NetSarang\Xshell 6\;C:\Program Files (x86)\Common Files\Oracle\Java\javapath;C:\Windows\system32;C:\Windows;C:\Windows\System32\Wbem;C:\Windows\System32\WindowsPowerShell\v1.0\;C:\Windows\System32\OpenSSH\;C:\Program Files\Git\cmd;C:\Program Files\NVIDIA Corporation\NVIDIA NvDLISR;C:\Program Files (x86)\NVIDIA Corporation\PhysX\Common;C:\ProgramData\chocolatey\bin;C:\Program Files\nodejs\;D:\goPor\bin;C:\Users\13614\scoop\shims;C:\Users\13614\AppData\Local\Programs\Python\Python37\Scripts\;C:\Users\13614\AppData\Local\Programs\Python\Python37\;C:\Users\13614\AppData\Local\Microsoft\WindowsApps;E:\Program Files\Microsoft VS Code\bin;C:\Users\13614\AppData\Local\GitHubDesktop\bin;C:\Users\13614\AppData\Roaming\npm;C:\Users\13614\AppData\Local\Pandoc\;C:\Users\13614\go\bin
USERNAME=13614
DISPLAY=:0.0
OS=Windows_NT
PROCESSOR_IDENTIFIER=Intel64 Family 6 Model 158 Stepping 9, GenuineIntel



---------------  S Y S T E M  ---------------

OS: Windows 10 , 64 bit Build 18362 (10.0.18362.778)

CPU:total 4 (initial active 4) (2 cores per cpu, 2 threads per core) family 6 model 158 stepping 9, cmov, cx8, fxsr, mmx, sse, sse2, sse3, ssse3, sse4.1, sse4.2, popcnt, aes, clmul, erms, 3dnowpref, lzcnt, ht, tsc, tscinvbit

Memory: 4k page, system-wide physical 16238M (3868M free)
TotalPageFile size 31501M (AvailPageFile size 9M)
current process WorkingSet (physical memory assigned to process): 10M, peak: 10M
current process commit charge ("private bytes"): 52M, peak: 306M

vm_info: OpenJDK 64-Bit Server VM (11.0.6+8-b765.40) for windows-amd64 JRE (11.0.6+8-b765.40), built on Apr 20 2020 14:37:21 by "" with MS VC++ 14.0 (VS2015)

END.
